0 info it worked if it ends with ok
1 verbose cli [ '/Users/lance/.nvm/versions/node/v0.12.0/bin/node',
1 verbose cli   '/Users/lance/.nvm/versions/node/v0.12.0/bin/npm',
1 verbose cli   'start' ]
2 info using npm@2.5.1
3 info using node@v0.12.0
4 verbose stack Error: missing script: start
4 verbose stack     at run (/Users/lance/.nvm/versions/node/v0.12.0/lib/node_modules/npm/lib/run-script.js:138:19)
4 verbose stack     at /Users/lance/.nvm/versions/node/v0.12.0/lib/node_modules/npm/lib/run-script.js:81:5
4 verbose stack     at /Users/lance/.nvm/versions/node/v0.12.0/lib/node_modules/npm/node_modules/read-package-json/read-json.js:51:40
4 verbose stack     at final (/Users/lance/.nvm/versions/node/v0.12.0/lib/node_modules/npm/node_modules/read-package-json/read-json.js:349:17)
4 verbose stack     at then (/Users/lance/.nvm/versions/node/v0.12.0/lib/node_modules/npm/node_modules/read-package-json/read-json.js:126:33)
4 verbose stack     at /Users/lance/.nvm/versions/node/v0.12.0/lib/node_modules/npm/node_modules/read-package-json/read-json.js:316:48
4 verbose stack     at evalmachine.<anonymous>:265:20
4 verbose stack     at OpenReq.Req.done (/Users/lance/.nvm/versions/node/v0.12.0/lib/node_modules/npm/node_modules/graceful-fs/graceful-fs.js:141:5)
4 verbose stack     at OpenReq.done (/Users/lance/.nvm/versions/node/v0.12.0/lib/node_modules/npm/node_modules/graceful-fs/graceful-fs.js:61:22)
4 verbose stack     at FSReqWrap.oncomplete (evalmachine.<anonymous>:99:15)
5 verbose cwd /Users/lance/nbcHackathon/lance/sockets
6 error Darwin 14.1.0
7 error argv "/Users/lance/.nvm/versions/node/v0.12.0/bin/node" "/Users/lance/.nvm/versions/node/v0.12.0/bin/npm" "start"
8 error node v0.12.0
9 error npm  v2.5.1
10 error missing script: start
11 error If you need help, you may report this error at:
11 error     <http://github.com/npm/npm/issues>
12 verbose exit [ 1, true ]
